Arguments: 
  /home/jtony/.nvm/versions/node/v16.14.2/bin/node /home/jtony/.nvm/versions/node/v16.14.2/bin/yarnpkg install

PATH: 
  /home/jtony/.nvm/versions/node/v16.14.2/bin:/usr/local/bin:/usr/local/sbin:/usr/bin:/usr/sbin:/home/jtony/bin:/home/jtony/.oh-my-zsh/custom/plugins/zsh-completions/src

Yarn version: 
  1.22.18

Node version: 
  16.14.2

Platform: 
  linux x64

Trace: 
  Error: read ETIMEDOUT
      at TLSWrap.onStreamRead (node:internal/stream_base_commons:217:20)

npm manifest: 
  {
    "name": "ausfluss",
    "version": "1.0.0",
    "main": "node_modules/expo/AppEntry.js",
    "scripts": {
      "start": "expo start",
      "android": "expo start --android",
      "ios": "expo start --ios",
      "web": "expo start --web",
      "eject": "expo eject"
    },
    "dependencies": {
      "expo": "~44.0.0",
      "expo-status-bar": "~1.2.0",
      "react": "17.0.1",
      "react-dom": "17.0.1",
      "react-native": "0.64.3",
      "react-native-web": "0.17.1"
    },
    "devDependencies": {
      "@babel/core": "^7.12.9",
      "@types/react": "~17.0.21",
      "@types/react-native": "~0.64.12",
      "typescript": "~4.3.5"
    },
    "private": true
  }

yarn manifest: 
  No manifest

Lockfile: 
  No lockfile
